<?xml version="1.0" encoding="UTF-8"?>
<testsuite name="com.musthafa.serenity.AcceptanceTestSuite" time="34.373" tests="7" errors="0" skipped="0" failures="0">
  <properties>
[...]
</properties>
  <testcase name="BeforeStories" classname="java.lang.Object" time="0.079"/>
  <testcase name="Given User has launched Test URL in Chrome" classname="com.musthafa.serenity.steps.DemoQaSteps" time="12.835"/>
  <testcase name="When Enters valid username and password &amp; clicks on Login" classname="com.musthafa.serenity.steps.DemoQaSteps" time="9.823"/>
  <testcase name="Then User should get the home screen successfully" classname="com.musthafa.serenity.steps.DemoQaSteps" time="3.49"/>
  <testcase name="Scenario: Login with &apos;zmmm&apos; and &apos;Ambattur123&apos;" classname="Scenario: Login with &apos;zmmm&apos; and &apos;Ambattur123&apos;" time="3.871"/>
  <testcase name="DemoQa.story" classname="DemoQa.story" time="4.272"/>
  <testcase name="AfterStories" classname="java.lang.Object" time="0.003"/>
</testsuite>